<?xml version="1.0" encoding="UTF-8" standalone="no"?>
<!DOCTYPE log SYSTEM "logger.dtd">
<head/><log>
<record>
  <date>2016-09-28T16:16:25.249-0300</date>
  <logger>LUCAS FERNANDES DE OLIVEIRA</logger>
  <level>FINE</level>
  <message>File 115111906-LUCAS FERNANDES DE OLIVEIRA.zip was received. It was sent by LUCAS FERNANDES DE OLIVEIRA from IP 150.165.74.135</message>
</record>
</log>
<?xml version="1.0" encoding="UTF-8" standalone="no"?>
<!DOCTYPE log SYSTEM "logger.dtd">
<log>
<record>
  <date>2016-09-29T05:03:46.632-0300</date>
  <logger>LUCAS FERNANDES DE OLIVEIRA</logger>
  <level>FINE</level>
  <message>File 115111906-LUCAS FERNANDES DE OLIVEIRA.zip was received. It was sent by LUCAS FERNANDES DE OLIVEIRA from IP 127.0.1.1</message>
</record>
</log>
<?xml version="1.0" encoding="UTF-8" standalone="no"?>
<!DOCTYPE log SYSTEM "logger.dtd">
<log>
<record>
  <date>2016-09-29T16:18:14.250-0300</date>
  <logger>LUCAS FERNANDES DE OLIVEIRA</logger>
  <level>FINE</level>
  <message>File 115111906-LUCAS FERNANDES DE OLIVEIRA.zip was received. It was sent by LUCAS FERNANDES DE OLIVEIRA from IP 127.0.1.1</message>
</record>
</log>
<?xml version="1.0" encoding="UTF-8" standalone="no"?>
<!DOCTYPE log SYSTEM "logger.dtd">
<log>
<record>
  <date>2016-09-29T17:06:16.318-0300</date>
  <logger>LUCAS FERNANDES DE OLIVEIRA</logger>
  <level>FINE</level>
  <message>File 115111906-LUCAS FERNANDES DE OLIVEIRA.zip was received. It was sent by LUCAS FERNANDES DE OLIVEIRA from IP 127.0.1.1</message>
</record>
