<?xml version="1.0" encoding="UTF-8" standalone="no"?>
<!DOCTYPE log SYSTEM "logger.dtd">
<head/><log>
<record>
  <date>2016-08-01T19:55:16.921-0300</date>
  <logger>LUCAS FERNANDES DE OLIVEIRA</logger>
  <level>FINE</level>
  <message>File 115111906-LUCAS FERNANDES DE OLIVEIRA.zip was received. It was sent by LUCAS FERNANDES DE OLIVEIRA from IP 127.0.1.1</message>
</record>
</log>
<?xml version="1.0" encoding="UTF-8" standalone="no"?>
<!DOCTYPE log SYSTEM "logger.dtd">
<log>
<record>
  <date>2016-08-01T20:02:50.096-0300</date>
  <logger>LUCAS FERNANDES DE OLIVEIRA</logger>
  <level>FINE</level>
  <message>File 115111906-LUCAS FERNANDES DE OLIVEIRA.zip was received. It was sent by LUCAS FERNANDES DE OLIVEIRA from IP 127.0.1.1</message>
</record>
</log>
<?xml version="1.0" encoding="UTF-8" standalone="no"?>
<!DOCTYPE log SYSTEM "logger.dtd">
<log>
<record>
  <date>2016-08-01T22:45:28.651-0300</date>
  <logger>LUCAS FERNANDES DE OLIVEIRA</logger>
  <level>FINE</level>
  <message>File 115111906-LUCAS FERNANDES DE OLIVEIRA.zip was received. It was sent by LUCAS FERNANDES DE OLIVEIRA from IP 127.0.1.1</message>
</record>
</log>
<?xml version="1.0" encoding="UTF-8" standalone="no"?>
<!DOCTYPE log SYSTEM "logger.dtd">
<log>
<record>
  <date>2016-08-01T22:46:17.590-0300</date>
  <logger>LUCAS FERNANDES DE OLIVEIRA</logger>
  <level>FINE</level>
  <message>File 115111906-LUCAS FERNANDES DE OLIVEIRA.zip was received. It was sent by LUCAS FERNANDES DE OLIVEIRA from IP 127.0.1.1</message>
</record>
